Using pre-set license
Built from '2020.3/release' branch; Version is '2020.3.27f1 (e759542391ea) revision 15161684'; Using compiler version '192528614'; Build Type 'Release'
OS: 'Windows 10  (10.0.19044) 64bit Professional' Language: 'en' Physical Memory: 16322 MB
BatchMode: 1, IsHumanControllingUs: 0, StartBugReporterOnCrash: 0, Is64bit: 1, IsPro: 0

COMMAND LINE ARGUMENTS:
C:\Program Files\Unity\Hub\Editor\2020.3.27f1\Editor\Unity.exe
-adb2
-batchMode
-noUpm
-name
AssetImportWorker0
-projectPath
C:/Users/Joni/Desktop/Unity/Projects/3D/Forester
-logFile
Logs/AssetImportWorker0.log
-srvPort
56024
Successfully changed project path to: C:/Users/Joni/Desktop/Unity/Projects/3D/Forester
C:/Users/Joni/Desktop/Unity/Projects/3D/Forester
Using Asset Import Pipeline V2.
Refreshing native plugins compatible for Editor in 36.40 ms, found 2 plugins.
Preloading 0 native plugins for Editor in 0.00 ms.
Initialize engine version: 2020.3.27f1 (e759542391ea)
[Subsystems] Discovering subsystems at path C:/Program Files/Unity/Hub/Editor/2020.3.27f1/Editor/Data/Resources/UnitySubsystems
[Subsystems] Discovering subsystems at path C:/Users/Joni/Desktop/Unity/Projects/3D/Forester/Assets
GfxDevice: creating device client; threaded=0
Direct3D:
    Version:  Direct3D 11.0 [level 11.1]
    Renderer: NVIDIA GeForce GTX 1660 Ti (ID=0x2182)
    Vendor:   
    VRAM:     5991 MB
    Driver:   30.0.15.1215
Initialize mono
Mono path[0] = 'C:/Program Files/Unity/Hub/Editor/2020.3.27f1/Editor/Data/Managed'
Mono path[1] = 'C:/Program Files/Unity/Hub/Editor/2020.3.27f1/Editor/Data/MonoBleedingEdge/lib/mono/unityjit'
Mono config path = 'C:/Program Files/Unity/Hub/Editor/2020.3.27f1/Editor/Data/MonoBleedingEdge/etc'
Using monoOptions --debugger-agent=transport=dt_socket,embedding=1,server=y,suspend=n,address=127.0.0.1:56752
Begin MonoManager ReloadAssembly
Registering precompiled unity dll's ...
Register platform support module: C:/Program Files/Unity/Hub/Editor/2020.3.27f1/Editor/Data/PlaybackEngines/WindowsStandaloneSupport/UnityEditor.WindowsStandalone.Extensions.dll
Registered in 0.002155 seconds.
Native extension for WindowsStandalone target not found
Refreshing native plugins compatible for Editor in 35.29 ms, found 2 plugins.
Preloading 0 native plugins for Editor in 0.00 ms.
Mono: successfully reloaded assembly
- Completed reload, in  0.563 seconds
Domain Reload Profiling:
	ReloadAssembly (563ms)
		BeginReloadAssembly (64ms)
			ExecutionOrderSort (0ms)
			DisableScriptedObjects (0ms)
			BackupInstance (0ms)
			ReleaseScriptingObjects (0ms)
			CreateAndSetChildDomain (1ms)
		EndReloadAssembly (430ms)
			LoadAssemblies (62ms)
			RebuildTransferFunctionScriptingTraits (0ms)
			SetupTypeCache (147ms)
			ReleaseScriptCaches (0ms)
			RebuildScriptCaches (28ms)
			SetupLoadedEditorAssemblies (162ms)
				LogAssemblyErrors (0ms)
				InitializePlatformSupportModulesInManaged (4ms)
				SetLoadedEditorAssemblies (0ms)
				RefreshPlugins (35ms)
				BeforeProcessingInitializeOnLoad (14ms)
				ProcessInitializeOnLoadAttributes (81ms)
				ProcessInitializeOnLoadMethodAttributes (27ms)
				AfterProcessingInitializeOnLoad (0ms)
				EditorAssembliesLoaded (0ms)
			ExecutionOrderSort2 (0ms)
			AwakeInstancesAfterBackupRestoration (0ms)
Platform modules already initialized, skipping
Registering precompiled user dll's ...
Registered in 0.004716 seconds.
Begin MonoManager ReloadAssembly
Native extension for WindowsStandalone target not found
Refreshing native plugins compatible for Editor in 0.34 ms, found 2 plugins.
Preloading 0 native plugins for Editor in 0.00 ms.
Mono: successfully reloaded assembly
- Completed reload, in  0.980 seconds
Domain Reload Profiling:
	ReloadAssembly (981ms)
		BeginReloadAssembly (148ms)
			ExecutionOrderSort (0ms)
			DisableScriptedObjects (4ms)
			BackupInstance (0ms)
			ReleaseScriptingObjects (0ms)
			CreateAndSetChildDomain (17ms)
		EndReloadAssembly (772ms)
			LoadAssemblies (92ms)
			RebuildTransferFunctionScriptingTraits (0ms)
			SetupTypeCache (278ms)
			ReleaseScriptCaches (0ms)
			RebuildScriptCaches (40ms)
			SetupLoadedEditorAssemblies (284ms)
				LogAssemblyErrors (0ms)
				InitializePlatformSupportModulesInManaged (4ms)
				SetLoadedEditorAssemblies (0ms)
				RefreshPlugins (0ms)
				BeforeProcessingInitializeOnLoad (77ms)
				ProcessInitializeOnLoadAttributes (187ms)
				ProcessInitializeOnLoadMethodAttributes (8ms)
				AfterProcessingInitializeOnLoad (6ms)
				EditorAssembliesLoaded (0ms)
			ExecutionOrderSort2 (0ms)
			AwakeInstancesAfterBackupRestoration (6ms)
Platform modules already initialized, skipping
========================================================================
Worker process is ready to serve import requests
Launched and connected shader compiler UnityShaderCompiler.exe after 0.06 seconds
Refreshing native plugins compatible for Editor in 0.35 ms, found 2 plugins.
Preloading 0 native plugins for Editor in 0.00 ms.
Unloading 1661 Unused Serialized files (Serialized files now loaded: 0)
System memory in use before: 81.8 MB.
System memory in use after: 81.9 MB.

Unloading 19 unused Assets to reduce memory usage. Loaded Objects now: 2099.
Total: 2.895700 ms (FindLiveObjects: 0.416800 ms CreateObjectMapping: 0.065600 ms MarkObjects: 2.351100 ms  DeleteObjects: 0.060600 ms)

AssetImportParameters requested are different than current active one (requested -> active):
  custom:framework-win-MediaFoundation: 216162199b28c13a410421893ffa2e32 -> 
  custom:video-decoder-ogg-theora: a1e56fd34408186e4bbccfd4996cb3dc -> 
  custom:container-muxer-webm: aa71ff27fc2769a1b78a27578f13a17b -> 
  custom:container-demuxer-webm: 4f35f7cbe854078d1ac9338744f61a02 -> 
  custom:container-demuxer-ogg: 62fdf1f143b41e24485cea50d1cbac27 -> 
  custom:video-encoder-webm-vp8: eb34c28f22e8b96e1ab97ce403110664 -> 
  custom:video-decoder-webm-vp8: 9c59270c3fd7afecdb556c50c9e8de78 -> 
  custom:audio-decoder-ogg-vorbis: bf7c407c2cedff20999df2af8eb42d56 -> 
  custom:audio-encoder-webm-vorbis: bf7c407c2cedff20999df2af8eb42d56 -> 
========================================================================
Received Import Request.
  path: Assets/2D/Build2.png
  artifactKey: Guid(128992cca38993649bd3d0f0c2eeb696) Importer(815301076,1909f56bfc062723c751e8b465ee728b)
Start importing Assets/2D/Build2.png using Guid(128992cca38993649bd3d0f0c2eeb696) Importer(815301076,1909f56bfc062723c751e8b465ee728b)  -> (artifact id: '14c2f247b6f1f2d98168330773afe367') in 0.094970 seconds 
  Import took 0.097371 seconds .

========================================================================
Received Import Request.
  Time since last request: 0.000243 seconds.
  path: Assets/2D/Koivu_halko.png
  artifactKey: Guid(f825ef930760fa244b7f856741b31705) Importer(815301076,1909f56bfc062723c751e8b465ee728b)
Start importing Assets/2D/Koivu_halko.png using Guid(f825ef930760fa244b7f856741b31705) Importer(815301076,1909f56bfc062723c751e8b465ee728b)  -> (artifact id: 'ee4ea1b29f7b4f6d2164f59a3fad3df9') in 0.035771 seconds 
  Import took 0.038221 seconds .

========================================================================
Received Import Request.
  Time since last request: 0.000222 seconds.
  path: Assets/2D/Leppa.png
  artifactKey: Guid(3a83c4b5039421e4286806d8dd0c0b35) Importer(815301076,1909f56bfc062723c751e8b465ee728b)
Start importing Assets/2D/Leppa.png using Guid(3a83c4b5039421e4286806d8dd0c0b35) Importer(815301076,1909f56bfc062723c751e8b465ee728b)  -> (artifact id: '62b32a7f89e885993840de5e7b51e721') in 0.031506 seconds 
  Import took 0.033903 seconds .

========================================================================
Received Import Request.
  Time since last request: 0.000222 seconds.
  path: Assets/2D
  artifactKey: Guid(1018a2b423be61b40bd48f51772e8b02) Importer(815301076,1909f56bfc062723c751e8b465ee728b)
Start importing Assets/2D using Guid(1018a2b423be61b40bd48f51772e8b02) Importer(815301076,1909f56bfc062723c751e8b465ee728b)  -> (artifact id: '6b7473e8e4384a7a12afd8271ff74305') in 0.005976 seconds 
  Import took 0.008455 seconds .

========================================================================
Received Import Request.
  Time since last request: 0.000193 seconds.
  path: Assets/2D/Pokasaha_2.png
  artifactKey: Guid(f120cc189d9e7d545a8819f4e6c01328) Importer(815301076,1909f56bfc062723c751e8b465ee728b)
Start importing Assets/2D/Pokasaha_2.png using Guid(f120cc189d9e7d545a8819f4e6c01328) Importer(815301076,1909f56bfc062723c751e8b465ee728b)  -> (artifact id: '77b9ae0366c4e7995eea6acf3989fb42') in 0.019570 seconds 
  Import took 0.022151 seconds .

========================================================================
Received Import Request.
  Time since last request: 0.000164 seconds.
  path: Assets/2D/Koivu_taimi.png
  artifactKey: Guid(559904fdda090d34ca13b40d85b48c87) Importer(815301076,1909f56bfc062723c751e8b465ee728b)
Start importing Assets/2D/Koivu_taimi.png using Guid(559904fdda090d34ca13b40d85b48c87) Importer(815301076,1909f56bfc062723c751e8b465ee728b)  -> (artifact id: 'cddc1712cf56fe139f4980354f705958') in 0.023124 seconds 
  Import took 0.026561 seconds .

========================================================================
Received Import Request.
  Time since last request: 0.000169 seconds.
  path: Assets/2D/manty_halko.png
  artifactKey: Guid(55bf543b74d358c48b5c690ce539cd88) Importer(815301076,1909f56bfc062723c751e8b465ee728b)
Start importing Assets/2D/manty_halko.png using Guid(55bf543b74d358c48b5c690ce539cd88) Importer(815301076,1909f56bfc062723c751e8b465ee728b)  -> (artifact id: '5d2d7c1354a2d11851cabb5e295e9e04') in 0.034066 seconds 
  Import took 0.036513 seconds .

========================================================================
Received Import Request.
  Time since last request: 0.000163 seconds.
  path: Assets/2D/Axe_3.png
  artifactKey: Guid(627f83cee025d65409698571062e65b4) Importer(815301076,1909f56bfc062723c751e8b465ee728b)
Start importing Assets/2D/Axe_3.png using Guid(627f83cee025d65409698571062e65b4) Importer(815301076,1909f56bfc062723c751e8b465ee728b)  -> (artifact id: 'e5251edf5d5b0eba06d4768cbf2368db') in 0.018245 seconds 
  Import took 0.020960 seconds .

========================================================================
Received Import Request.
  Time since last request: 0.000228 seconds.
  path: Assets/2D/axe_4.png
  artifactKey: Guid(a8962c106b5b94142916d0789f0724ea) Importer(815301076,1909f56bfc062723c751e8b465ee728b)
Start importing Assets/2D/axe_4.png using Guid(a8962c106b5b94142916d0789f0724ea) Importer(815301076,1909f56bfc062723c751e8b465ee728b)  -> (artifact id: '647010e53d7ec7a96d7b22dcd8092620') in 0.021460 seconds 
  Import took 0.024043 seconds .

========================================================================
Received Import Request.
  Time since last request: 0.000174 seconds.
  path: Assets/2D/Axe_2.png
  artifactKey: Guid(4a749e93682683b40afb468a28c9f9db) Importer(815301076,1909f56bfc062723c751e8b465ee728b)
Start importing Assets/2D/Axe_2.png using Guid(4a749e93682683b40afb468a28c9f9db) Importer(815301076,1909f56bfc062723c751e8b465ee728b)  -> (artifact id: 'a2e904929b334d84f6f6d94b933fb8e2') in 0.022479 seconds 
  Import took 0.025157 seconds .

========================================================================
Received Import Request.
  Time since last request: 0.000168 seconds.
  path: Assets/2D/Manty_taimi.png
  artifactKey: Guid(957530a70bbc154409854e6cfbe78d3a) Importer(815301076,1909f56bfc062723c751e8b465ee728b)
Start importing Assets/2D/Manty_taimi.png using Guid(957530a70bbc154409854e6cfbe78d3a) Importer(815301076,1909f56bfc062723c751e8b465ee728b)  -> (artifact id: '6f501386ef21b8fd846e4dcc08ea43d1') in 0.021615 seconds 
  Import took 0.024129 seconds .

========================================================================
Received Import Request.
  Time since last request: 0.000181 seconds.
  path: Assets/2D/store.png
  artifactKey: Guid(d4b8635b1071aab40a829ef54a858f3e) Importer(815301076,1909f56bfc062723c751e8b465ee728b)
Start importing Assets/2D/store.png using Guid(d4b8635b1071aab40a829ef54a858f3e) Importer(815301076,1909f56bfc062723c751e8b465ee728b)  -> (artifact id: '75f068be24bee07a75c1feed3c4ae859') in 0.025863 seconds 
  Import took 0.028370 seconds .

========================================================================
Received Import Request.
  Time since last request: 0.000149 seconds.
  path: Assets/2D/arrow.png
  artifactKey: Guid(6bc2530d751937a46a793bcfdbc881b9) Importer(815301076,1909f56bfc062723c751e8b465ee728b)
Start importing Assets/2D/arrow.png using Guid(6bc2530d751937a46a793bcfdbc881b9) Importer(815301076,1909f56bfc062723c751e8b465ee728b)  -> (artifact id: '2dbf21af671b54f3e070192949f9bf0c') in 0.010323 seconds 
  Import took 0.012625 seconds .

========================================================================
Received Import Request.
  Time since last request: 0.000169 seconds.
  path: Assets/2D/Pokasaha_1.png
  artifactKey: Guid(f4eb1ac33b960734e9d510771b5e29dc) Importer(815301076,1909f56bfc062723c751e8b465ee728b)
Start importing Assets/2D/Pokasaha_1.png using Guid(f4eb1ac33b960734e9d510771b5e29dc) Importer(815301076,1909f56bfc062723c751e8b465ee728b)  -> (artifact id: '668a62a262d2b264df58839573a992ac') in 0.012095 seconds 
  Import took 0.014511 seconds .

========================================================================
Received Import Request.
  Time since last request: 0.000156 seconds.
  path: Assets/2D/Kuusi_taimi.png
  artifactKey: Guid(7301424450c136349844cb218906897e) Importer(815301076,1909f56bfc062723c751e8b465ee728b)
Start importing Assets/2D/Kuusi_taimi.png using Guid(7301424450c136349844cb218906897e) Importer(815301076,1909f56bfc062723c751e8b465ee728b)  -> (artifact id: 'e4eb1a49bec5c8a02bd3943376bb274b') in 0.012271 seconds 
  Import took 0.014607 seconds .

========================================================================
Received Import Request.
  Time since last request: 0.000171 seconds.
  path: Assets/2D/moottorisaha.png
  artifactKey: Guid(05f790fa80260314f9d37e923ac1b120) Importer(815301076,1909f56bfc062723c751e8b465ee728b)
Start importing Assets/2D/moottorisaha.png using Guid(05f790fa80260314f9d37e923ac1b120) Importer(815301076,1909f56bfc062723c751e8b465ee728b)  -> (artifact id: '1a058ec95df985c9db55adbffe09b2ae') in 0.012954 seconds 
  Import took 0.015326 seconds .

========================================================================
Received Import Request.
  Time since last request: 0.000156 seconds.
  path: Assets/2D/Axe_1.png
  artifactKey: Guid(322b9a2ca36918f40a9a16c06d88e11c) Importer(815301076,1909f56bfc062723c751e8b465ee728b)
Start importing Assets/2D/Axe_1.png using Guid(322b9a2ca36918f40a9a16c06d88e11c) Importer(815301076,1909f56bfc062723c751e8b465ee728b)  -> (artifact id: 'a86d8569d6cd0839c99cbf40264d0083') in 0.010603 seconds 
  Import took 0.012998 seconds .

========================================================================
Received Import Request.
  Time since last request: 0.000179 seconds.
  path: Assets/2D/Leppa_halko.png
  artifactKey: Guid(54d0a8897b72d3e46b8bb3c925bc1ec0) Importer(815301076,1909f56bfc062723c751e8b465ee728b)
Start importing Assets/2D/Leppa_halko.png using Guid(54d0a8897b72d3e46b8bb3c925bc1ec0) Importer(815301076,1909f56bfc062723c751e8b465ee728b)  -> (artifact id: '70bb7b44f619139fc1b470a112605a21') in 0.015663 seconds 
  Import took 0.018033 seconds .

========================================================================
Received Import Request.
  Time since last request: 0.000163 seconds.
  path: Assets/2D/menu.png
  artifactKey: Guid(e9205a5a677485f438b4d2451b2444aa) Importer(815301076,1909f56bfc062723c751e8b465ee728b)
Start importing Assets/2D/menu.png using Guid(e9205a5a677485f438b4d2451b2444aa) Importer(815301076,1909f56bfc062723c751e8b465ee728b)  -> (artifact id: 'c068567e75f20939c82b74a6d3d18e4a') in 0.011458 seconds 
  Import took 0.013793 seconds .

========================================================================
Received Import Request.
  Time since last request: 0.000162 seconds.
  path: Assets/2D/build.png
  artifactKey: Guid(bcea614d6106ab84786e8385762ecc43) Importer(815301076,1909f56bfc062723c751e8b465ee728b)
Start importing Assets/2D/build.png using Guid(bcea614d6106ab84786e8385762ecc43) Importer(815301076,1909f56bfc062723c751e8b465ee728b)  -> (artifact id: 'da33074c58971ad38640fc51d009ec32') in 0.014929 seconds 
  Import took 0.017456 seconds .

========================================================================
Received Import Request.
  Time since last request: 0.000159 seconds.
  path: Assets/2D/settings.png
  artifactKey: Guid(14cc2658e8dfd4948af47e744292dd45) Importer(815301076,1909f56bfc062723c751e8b465ee728b)
Start importing Assets/2D/settings.png using Guid(14cc2658e8dfd4948af47e744292dd45) Importer(815301076,1909f56bfc062723c751e8b465ee728b)  -> (artifact id: '8e1864646b8409042279c568f8098ffb') in 0.009605 seconds 
  Import took 0.011921 seconds .

========================================================================
Received Import Request.
  Time since last request: 0.000148 seconds.
  path: Assets/2D/Kuusi_halko.png
  artifactKey: Guid(2b0d171346f2a344a9145fcd44bb8ad6) Importer(815301076,1909f56bfc062723c751e8b465ee728b)
Start importing Assets/2D/Kuusi_halko.png using Guid(2b0d171346f2a344a9145fcd44bb8ad6) Importer(815301076,1909f56bfc062723c751e8b465ee728b)  -> (artifact id: '4236d6f2a5080c7d08c381600ac7f677') in 0.011683 seconds 
  Import took 0.014078 seconds .

========================================================================
Received Import Request.
  Time since last request: 39.703119 seconds.
  path: Assets/2D/UI
  artifactKey: Guid(3021fb0164c1f5141a03326962a66d3a) Importer(815301076,1909f56bfc062723c751e8b465ee728b)
Start importing Assets/2D/UI using Guid(3021fb0164c1f5141a03326962a66d3a) Importer(815301076,1909f56bfc062723c751e8b465ee728b)  -> (artifact id: '2250fb15fc15673612e7298dd76cbb70') in 0.006914 seconds 
  Import took 0.009848 seconds .

========================================================================
Received Import Request.
  Time since last request: 30.341704 seconds.
  path: Assets/2D/UI/Build2.png
  artifactKey: Guid(118d13fcc2148cf42acd87b4f202672d) Importer(815301076,1909f56bfc062723c751e8b465ee728b)
Start importing Assets/2D/UI/Build2.png using Guid(118d13fcc2148cf42acd87b4f202672d) Importer(815301076,1909f56bfc062723c751e8b465ee728b)  -> (artifact id: '36506af42957259df1e7e4466ec9a702') in 0.019161 seconds 
  Import took 0.021805 seconds .

========================================================================
Received Import Request.
  Time since last request: 0.000241 seconds.
  path: Assets/2D/UI/leave button.png
  artifactKey: Guid(e6a0650ec69b3be4a9632eccb04aa7d7) Importer(815301076,1909f56bfc062723c751e8b465ee728b)
Start importing Assets/2D/UI/leave button.png using Guid(e6a0650ec69b3be4a9632eccb04aa7d7) Importer(815301076,1909f56bfc062723c751e8b465ee728b)  -> (artifact id: '8a6191673f019c3cc15e0fe0fc5b4d66') in 0.011031 seconds 
  Import took 0.013363 seconds .

========================================================================
Received Import Request.
  Time since last request: 0.000243 seconds.
  path: Assets/2D/UI/settings.png
  artifactKey: Guid(fbd595a14c86fc744b2db6f0cfe94445) Importer(815301076,1909f56bfc062723c751e8b465ee728b)
Start importing Assets/2D/UI/settings.png using Guid(fbd595a14c86fc744b2db6f0cfe94445) Importer(815301076,1909f56bfc062723c751e8b465ee728b)  -> (artifact id: '58c823d74a11833242f30a58fcf92361') in 0.010754 seconds 
  Import took 0.013388 seconds .

========================================================================
Received Import Request.
  Time since last request: 0.000208 seconds.
  path: Assets/2D/UI/store.png
  artifactKey: Guid(fa65e4691ed29424daea363abb8a6eaf) Importer(815301076,1909f56bfc062723c751e8b465ee728b)
Start importing Assets/2D/UI/store.png using Guid(fa65e4691ed29424daea363abb8a6eaf) Importer(815301076,1909f56bfc062723c751e8b465ee728b)  -> (artifact id: '4d8fd1937b130783cc7cf0d16b909348') in 0.011319 seconds 
  Import took 0.014051 seconds .

========================================================================
Received Import Request.
  Time since last request: 3.983283 seconds.
  path: Assets/2D/UI/button.png
  artifactKey: Guid(472ed44c3f363b34fba36318797278e9) Importer(815301076,1909f56bfc062723c751e8b465ee728b)
Start importing Assets/2D/UI/button.png using Guid(472ed44c3f363b34fba36318797278e9) Importer(815301076,1909f56bfc062723c751e8b465ee728b)  -> (artifact id: 'fddb3b51b84b0f7d84033aca05e62a00') in 0.020444 seconds 
  Import took 0.023484 seconds .

========================================================================
Received Import Request.
  Time since last request: 5.903295 seconds.
  path: Assets/2D/UI/Build2.png
  artifactKey: Guid(118d13fcc2148cf42acd87b4f202672d) Importer(815301076,1909f56bfc062723c751e8b465ee728b)
Start importing Assets/2D/UI/Build2.png using Guid(118d13fcc2148cf42acd87b4f202672d) Importer(815301076,1909f56bfc062723c751e8b465ee728b)  -> (artifact id: '8214ee19447008e3bbc8d062335e196f') in 0.009075 seconds 
  Import took 0.011704 seconds .

========================================================================
Received Import Request.
  Time since last request: 0.000269 seconds.
  path: Assets/2D/UI/leave button.png
  artifactKey: Guid(e6a0650ec69b3be4a9632eccb04aa7d7) Importer(815301076,1909f56bfc062723c751e8b465ee728b)
Start importing Assets/2D/UI/leave button.png using Guid(e6a0650ec69b3be4a9632eccb04aa7d7) Importer(815301076,1909f56bfc062723c751e8b465ee728b)  -> (artifact id: 'a9380a4639da603f525596ae9fac73a3') in 0.009512 seconds 
  Import took 0.011897 seconds .

========================================================================
Received Import Request.
  Time since last request: 0.000265 seconds.
  path: Assets/2D/UI/settings.png
  artifactKey: Guid(fbd595a14c86fc744b2db6f0cfe94445) Importer(815301076,1909f56bfc062723c751e8b465ee728b)
Start importing Assets/2D/UI/settings.png using Guid(fbd595a14c86fc744b2db6f0cfe94445) Importer(815301076,1909f56bfc062723c751e8b465ee728b)  -> (artifact id: '594a932c9b5e22498ecd5385e7069c41') in 0.008898 seconds 
  Import took 0.011439 seconds .

========================================================================
Received Import Request.
  Time since last request: 0.000248 seconds.
  path: Assets/2D/UI/store.png
  artifactKey: Guid(fa65e4691ed29424daea363abb8a6eaf) Importer(815301076,1909f56bfc062723c751e8b465ee728b)
Start importing Assets/2D/UI/store.png using Guid(fa65e4691ed29424daea363abb8a6eaf) Importer(815301076,1909f56bfc062723c751e8b465ee728b)  -> (artifact id: 'a601231b9d4cfd2077d914647a48e5d4') in 0.010232 seconds 
  Import took 0.012966 seconds .

========================================================================
Received Import Request.
  Time since last request: 0.000185 seconds.
  path: Assets/2D/UI/button.png
  artifactKey: Guid(472ed44c3f363b34fba36318797278e9) Importer(815301076,1909f56bfc062723c751e8b465ee728b)
Start importing Assets/2D/UI/button.png using Guid(472ed44c3f363b34fba36318797278e9) Importer(815301076,1909f56bfc062723c751e8b465ee728b)  -> (artifact id: 'c50f2be95356f61c41e32069c9ea2fb6') in 0.009404 seconds 
  Import took 0.011930 seconds .

========================================================================
Received Import Request.
  Time since last request: 59.783846 seconds.
  path: Assets/2D/UI/store
  artifactKey: Guid(04378e89fdf732c4b8a74a5218989ca0) Importer(815301076,1909f56bfc062723c751e8b465ee728b)
Start importing Assets/2D/UI/store using Guid(04378e89fdf732c4b8a74a5218989ca0) Importer(815301076,1909f56bfc062723c751e8b465ee728b)  -> (artifact id: '5dc3f1a5e11b3c5ffc2b583a311f572e') in 0.002603 seconds 
  Import took 0.005485 seconds .

========================================================================
Received Import Request.
  Time since last request: 0.048383 seconds.
  path: Assets/2D/UI/store/background.png
  artifactKey: Guid(cb067e4b3486da343afb868e4e49eb17) Importer(815301076,1909f56bfc062723c751e8b465ee728b)
Start importing Assets/2D/UI/store/background.png using Guid(cb067e4b3486da343afb868e4e49eb17) Importer(815301076,1909f56bfc062723c751e8b465ee728b)  -> (artifact id: '5bf9115eae5cb35f176ad3fa14b17030') in 0.015663 seconds 
  Import took 0.018273 seconds .

========================================================================
Received Import Request.
  Time since last request: 0.000272 seconds.
  path: Assets/2D/UI/store/tuote backdrop.png
  artifactKey: Guid(3359c7b6e296d7341baa92d5a2c44bf9) Importer(815301076,1909f56bfc062723c751e8b465ee728b)
Start importing Assets/2D/UI/store/tuote backdrop.png using Guid(3359c7b6e296d7341baa92d5a2c44bf9) Importer(815301076,1909f56bfc062723c751e8b465ee728b)  -> (artifact id: '4b2a422fd14c6b5e2a908f36913290b8') in 0.016544 seconds 
  Import took 0.019044 seconds .

========================================================================
Received Import Request.
  Time since last request: 0.000260 seconds.
  path: Assets/2D/UI/store/malli miten kuvat toimii.png
  artifactKey: Guid(318530ab7d5c6f94e8fd4ab07c9790b7) Importer(815301076,1909f56bfc062723c751e8b465ee728b)
Start importing Assets/2D/UI/store/malli miten kuvat toimii.png using Guid(318530ab7d5c6f94e8fd4ab07c9790b7) Importer(815301076,1909f56bfc062723c751e8b465ee728b)  -> (artifact id: 'dc077359ebb18ec6e53a924a5a3cb5b6') in 0.016696 seconds 
  Import took 0.019023 seconds .

========================================================================
Received Import Request.
  Time since last request: 0.000343 seconds.
  path: Assets/2D/UI/store/Rahamaara backdrop.png
  artifactKey: Guid(91db03b79b07b6343a598c0da39af05e) Importer(815301076,1909f56bfc062723c751e8b465ee728b)
Start importing Assets/2D/UI/store/Rahamaara backdrop.png using Guid(91db03b79b07b6343a598c0da39af05e) Importer(815301076,1909f56bfc062723c751e8b465ee728b)  -> (artifact id: '2ad883dcc93e9089543b2a71089b3366') in 0.021317 seconds 
  Import took 0.024075 seconds .

========================================================================
Received Import Request.
  Time since last request: 0.000194 seconds.
  path: Assets/2D/UI/store/oikea backdrop.png
  artifactKey: Guid(c954ad6769edfb94bbb69fec0dabe655) Importer(815301076,1909f56bfc062723c751e8b465ee728b)
Start importing Assets/2D/UI/store/oikea backdrop.png using Guid(c954ad6769edfb94bbb69fec0dabe655) Importer(815301076,1909f56bfc062723c751e8b465ee728b)  -> (artifact id: '99001d4e14a344bbe7ba9d5b168581f7') in 0.019013 seconds 
  Import took 0.021660 seconds .

========================================================================
Received Import Request.
  Time since last request: 0.000214 seconds.
  path: Assets/2D/UI/store/valikko backdrop.png
  artifactKey: Guid(b9577c27423a93f44a0b68ca59214794) Importer(815301076,1909f56bfc062723c751e8b465ee728b)
Start importing Assets/2D/UI/store/valikko backdrop.png using Guid(b9577c27423a93f44a0b68ca59214794) Importer(815301076,1909f56bfc062723c751e8b465ee728b)  -> (artifact id: '9e301b623f64c3be5fcf491d4b21237e') in 0.026484 seconds 
  Import took 0.029110 seconds .

========================================================================
Received Import Request.
  Time since last request: 0.000231 seconds.
  path: Assets/2D/UI/store/vasen backdrop.png
  artifactKey: Guid(eee6053a581276a4da52f3db9c6d06fc) Importer(815301076,1909f56bfc062723c751e8b465ee728b)
Start importing Assets/2D/UI/store/vasen backdrop.png using Guid(eee6053a581276a4da52f3db9c6d06fc) Importer(815301076,1909f56bfc062723c751e8b465ee728b)  -> (artifact id: 'fa840b54a6c9c911033c4b7cb01eaaa5') in 0.020363 seconds 
  Import took 0.023006 seconds .

========================================================================
Received Import Request.
  Time since last request: 0.000236 seconds.
  path: Assets/2D/UI/store/poistu näppäin.png
  artifactKey: Guid(22908be6acb020a4196360eb00a7c328) Importer(815301076,1909f56bfc062723c751e8b465ee728b)
Start importing Assets/2D/UI/store/poistu näppäin.png using Guid(22908be6acb020a4196360eb00a7c328) Importer(815301076,1909f56bfc062723c751e8b465ee728b)  -> (artifact id: '26d1b578089467fc0c1a99365082acd3') in 0.025026 seconds 
  Import took 0.027449 seconds .

========================================================================
Received Import Request.
  Time since last request: 7.319621 seconds.
  path: Assets/2D/UI/store/malli miten kuvat toimii.png
  artifactKey: Guid(318530ab7d5c6f94e8fd4ab07c9790b7) Importer(815301076,1909f56bfc062723c751e8b465ee728b)
Start importing Assets/2D/UI/store/malli miten kuvat toimii.png using Guid(318530ab7d5c6f94e8fd4ab07c9790b7) Importer(815301076,1909f56bfc062723c751e8b465ee728b)  -> (artifact id: 'b9ed4c1faa8ca32a336e26c7ce9ddb99') in 0.019498 seconds 
  Import took 0.022537 seconds .

========================================================================
Received Import Request.
  Time since last request: 0.000162 seconds.
  path: Assets/2D/UI/store/tuote backdrop.png
  artifactKey: Guid(3359c7b6e296d7341baa92d5a2c44bf9) Importer(815301076,1909f56bfc062723c751e8b465ee728b)
Start importing Assets/2D/UI/store/tuote backdrop.png using Guid(3359c7b6e296d7341baa92d5a2c44bf9) Importer(815301076,1909f56bfc062723c751e8b465ee728b)  -> (artifact id: '01f737aaeffb18bae187ba84ac27a325') in 0.008768 seconds 
  Import took 0.011219 seconds .

========================================================================
Received Import Request.
  Time since last request: 0.000192 seconds.
  path: Assets/2D/UI/store/Rahamaara backdrop.png
  artifactKey: Guid(91db03b79b07b6343a598c0da39af05e) Importer(815301076,1909f56bfc062723c751e8b465ee728b)
Start importing Assets/2D/UI/store/Rahamaara backdrop.png using Guid(91db03b79b07b6343a598c0da39af05e) Importer(815301076,1909f56bfc062723c751e8b465ee728b)  -> (artifact id: '9b9d4d9a2607de6c9de9108546a6e01c') in 0.008537 seconds 
  Import took 0.011531 seconds .

========================================================================
Received Import Request.
  Time since last request: 0.000251 seconds.
  path: Assets/2D/UI/store/oikea backdrop.png
  artifactKey: Guid(c954ad6769edfb94bbb69fec0dabe655) Importer(815301076,1909f56bfc062723c751e8b465ee728b)
Start importing Assets/2D/UI/store/oikea backdrop.png using Guid(c954ad6769edfb94bbb69fec0dabe655) Importer(815301076,1909f56bfc062723c751e8b465ee728b)  -> (artifact id: '647f39f9585e3862ad21bfab00f012ff') in 0.013993 seconds 
  Import took 0.016879 seconds .

========================================================================
Received Import Request.
  Time since last request: 0.000158 seconds.
  path: Assets/2D/UI/store/valikko backdrop.png
  artifactKey: Guid(b9577c27423a93f44a0b68ca59214794) Importer(815301076,1909f56bfc062723c751e8b465ee728b)
Start importing Assets/2D/UI/store/valikko backdrop.png using Guid(b9577c27423a93f44a0b68ca59214794) Importer(815301076,1909f56bfc062723c751e8b465ee728b)  -> (artifact id: '31453b47eab0ee659cb45cd09cc1f9b1') in 0.010417 seconds 
  Import took 0.012942 seconds .

========================================================================
Received Import Request.
  Time since last request: 0.000148 seconds.
  path: Assets/2D/UI/store/vasen backdrop.png
  artifactKey: Guid(eee6053a581276a4da52f3db9c6d06fc) Importer(815301076,1909f56bfc062723c751e8b465ee728b)
Start importing Assets/2D/UI/store/vasen backdrop.png using Guid(eee6053a581276a4da52f3db9c6d06fc) Importer(815301076,1909f56bfc062723c751e8b465ee728b)  -> (artifact id: '52e751a0742e5436da58551a182ac713') in 0.012576 seconds 
  Import took 0.015354 seconds .

========================================================================
Received Import Request.
  Time since last request: 0.000159 seconds.
  path: Assets/2D/UI/store/poistu näppäin.png
  artifactKey: Guid(22908be6acb020a4196360eb00a7c328) Importer(815301076,1909f56bfc062723c751e8b465ee728b)
Start importing Assets/2D/UI/store/poistu näppäin.png using Guid(22908be6acb020a4196360eb00a7c328) Importer(815301076,1909f56bfc062723c751e8b465ee728b)  -> (artifact id: '6444d7f2c59c33cc0297f4a1051f4994') in 0.008977 seconds 
  Import took 0.011668 seconds .

========================================================================
Received Import Request.
  Time since last request: 9.897041 seconds.
  path: Assets/2D/UI/store/background.png
  artifactKey: Guid(cb067e4b3486da343afb868e4e49eb17) Importer(815301076,1909f56bfc062723c751e8b465ee728b)
Start importing Assets/2D/UI/store/background.png using Guid(cb067e4b3486da343afb868e4e49eb17) Importer(815301076,1909f56bfc062723c751e8b465ee728b)  -> (artifact id: '4da153cbd91715cfd4d36bddbb6d8439') in 0.051278 seconds 
  Import took 0.054124 seconds .

========================================================================
Received Import Request.
  Time since last request: 73.980200 seconds.
  path: Assets/2D/UI/Build2.png
  artifactKey: Guid(118d13fcc2148cf42acd87b4f202672d) Importer(815301076,1909f56bfc062723c751e8b465ee728b)
Start importing Assets/2D/UI/Build2.png using Guid(118d13fcc2148cf42acd87b4f202672d) Importer(815301076,1909f56bfc062723c751e8b465ee728b)  -> (artifact id: '2bc4d1a5ddcd191894970d4ea844fb56') in 0.063650 seconds 
  Import took 0.067073 seconds .

========================================================================
Received Import Request.
  Time since last request: 0.000156 seconds.
  path: Assets/2D/UI/leave button.png
  artifactKey: Guid(e6a0650ec69b3be4a9632eccb04aa7d7) Importer(815301076,1909f56bfc062723c751e8b465ee728b)
Start importing Assets/2D/UI/leave button.png using Guid(e6a0650ec69b3be4a9632eccb04aa7d7) Importer(815301076,1909f56bfc062723c751e8b465ee728b)  -> (artifact id: 'aa06dabc78189453ccda22310eea6b69') in 0.060727 seconds 
  Import took 0.063219 seconds .

========================================================================
Received Import Request.
  Time since last request: 0.000182 seconds.
  path: Assets/2D/UI/settings.png
  artifactKey: Guid(fbd595a14c86fc744b2db6f0cfe94445) Importer(815301076,1909f56bfc062723c751e8b465ee728b)
Start importing Assets/2D/UI/settings.png using Guid(fbd595a14c86fc744b2db6f0cfe94445) Importer(815301076,1909f56bfc062723c751e8b465ee728b)  -> (artifact id: '9ebee05d8c141b813dd00bda225ac10d') in 0.030328 seconds 
  Import took 0.033112 seconds .

========================================================================
Received Import Request.
  Time since last request: 0.000235 seconds.
  path: Assets/2D/UI/store.png
  artifactKey: Guid(fa65e4691ed29424daea363abb8a6eaf) Importer(815301076,1909f56bfc062723c751e8b465ee728b)
Start importing Assets/2D/UI/store.png using Guid(fa65e4691ed29424daea363abb8a6eaf) Importer(815301076,1909f56bfc062723c751e8b465ee728b)  -> (artifact id: 'e95329f16aa8e9da7f06dd0f90b07637') in 0.036493 seconds 
  Import took 0.039140 seconds .

========================================================================
Received Import Request.
  Time since last request: 0.000227 seconds.
  path: Assets/2D/UI/button.png
  artifactKey: Guid(472ed44c3f363b34fba36318797278e9) Importer(815301076,1909f56bfc062723c751e8b465ee728b)
Start importing Assets/2D/UI/button.png using Guid(472ed44c3f363b34fba36318797278e9) Importer(815301076,1909f56bfc062723c751e8b465ee728b)  -> (artifact id: '6b40b101dc9f13ee4db0c07a3d0b7c8a') in 0.032239 seconds 
  Import took 0.035117 seconds .

========================================================================
Received Import Request.
  Time since last request: 309.253601 seconds.
  path: Assets/2D/UI/store/oikea backdrop.png
  artifactKey: Guid(c954ad6769edfb94bbb69fec0dabe655) Importer(815301076,1909f56bfc062723c751e8b465ee728b)
Start importing Assets/2D/UI/store/oikea backdrop.png using Guid(c954ad6769edfb94bbb69fec0dabe655) Importer(815301076,1909f56bfc062723c751e8b465ee728b)  -> (artifact id: '12e9df209e3dee11f13e337cbfa46a61') in 0.022600 seconds 
  Import took 0.026196 seconds .

========================================================================
Received Import Request.
  Time since last request: 0.000246 seconds.
  path: Assets/2D/UI/store/tuote backdrop.png
  artifactKey: Guid(3359c7b6e296d7341baa92d5a2c44bf9) Importer(815301076,1909f56bfc062723c751e8b465ee728b)
Start importing Assets/2D/UI/store/tuote backdrop.png using Guid(3359c7b6e296d7341baa92d5a2c44bf9) Importer(815301076,1909f56bfc062723c751e8b465ee728b)  -> (artifact id: '5c70c84d132f8373dc309b09e889a357') in 0.012834 seconds 
  Import took 0.016221 seconds .

========================================================================
Received Import Request.
  Time since last request: 0.000245 seconds.
  path: Assets/2D/UI/store/Rahamaara backdrop.png
  artifactKey: Guid(91db03b79b07b6343a598c0da39af05e) Importer(815301076,1909f56bfc062723c751e8b465ee728b)
Start importing Assets/2D/UI/store/Rahamaara backdrop.png using Guid(91db03b79b07b6343a598c0da39af05e) Importer(815301076,1909f56bfc062723c751e8b465ee728b)  -> (artifact id: 'db405ba372d77d3cd5d5f197e65b5d99') in 0.013513 seconds 
  Import took 0.016816 seconds .

========================================================================
Received Import Request.
  Time since last request: 0.000251 seconds.
  path: Assets/2D/UI/store/valikko backdrop.png
  artifactKey: Guid(b9577c27423a93f44a0b68ca59214794) Importer(815301076,1909f56bfc062723c751e8b465ee728b)
Start importing Assets/2D/UI/store/valikko backdrop.png using Guid(b9577c27423a93f44a0b68ca59214794) Importer(815301076,1909f56bfc062723c751e8b465ee728b)  -> (artifact id: '92b2b512411e293aa1b59fa0485848c0') in 0.013251 seconds 
  Import took 0.016413 seconds .

========================================================================
Received Import Request.
  Time since last request: 0.000198 seconds.
  path: Assets/2D/UI/store/vasen backdrop.png
  artifactKey: Guid(eee6053a581276a4da52f3db9c6d06fc) Importer(815301076,1909f56bfc062723c751e8b465ee728b)
Start importing Assets/2D/UI/store/vasen backdrop.png using Guid(eee6053a581276a4da52f3db9c6d06fc) Importer(815301076,1909f56bfc062723c751e8b465ee728b)  -> (artifact id: 'dcc32870b34a3b0492457f7f9db10d9f') in 0.014863 seconds 
  Import took 0.017523 seconds .

========================================================================
Received Import Request.
  Time since last request: 0.000199 seconds.
  path: Assets/2D/UI/store/poistu näppäin.png
  artifactKey: Guid(22908be6acb020a4196360eb00a7c328) Importer(815301076,1909f56bfc062723c751e8b465ee728b)
Start importing Assets/2D/UI/store/poistu näppäin.png using Guid(22908be6acb020a4196360eb00a7c328) Importer(815301076,1909f56bfc062723c751e8b465ee728b)  -> (artifact id: 'be70ca7a541e5e7f7f25a1b06d5c9368') in 0.013140 seconds 
  Import took 0.015885 seconds .

========================================================================
Received Import Request.
  Time since last request: 3.054419 seconds.
  path: Assets/2D/UI/store/background.png
  artifactKey: Guid(cb067e4b3486da343afb868e4e49eb17) Importer(815301076,1909f56bfc062723c751e8b465ee728b)
Start importing Assets/2D/UI/store/background.png using Guid(cb067e4b3486da343afb868e4e49eb17) Importer(815301076,1909f56bfc062723c751e8b465ee728b)  -> (artifact id: 'd841c64c286a358c8823e1a119f86b3e') in 0.037620 seconds 
  Import took 0.041294 seconds .

========================================================================
Received Import Request.
  Time since last request: 29.503167 seconds.
  path: Assets/2D/UI/button1.png
  artifactKey: Guid(95b97c635872d224cbb8d05c7b56c481) Importer(815301076,1909f56bfc062723c751e8b465ee728b)
Start importing Assets/2D/UI/button1.png using Guid(95b97c635872d224cbb8d05c7b56c481) Importer(815301076,1909f56bfc062723c751e8b465ee728b)  -> (artifact id: 'c58b969887f3472aecb6a664d9ad380e') in 0.024970 seconds 
  Import took 0.028128 seconds .

========================================================================
Received Import Request.
  Time since last request: 4.582201 seconds.
  path: Assets/2D/UI/button1.png
  artifactKey: Guid(95b97c635872d224cbb8d05c7b56c481) Importer(815301076,1909f56bfc062723c751e8b465ee728b)
Start importing Assets/2D/UI/button1.png using Guid(95b97c635872d224cbb8d05c7b56c481) Importer(815301076,1909f56bfc062723c751e8b465ee728b)  -> (artifact id: '249f436b630762d41e78086d69a43a32') in 0.024208 seconds 
  Import took 0.027313 seconds .

========================================================================
Received Import Request.
  Time since last request: 112.678024 seconds.
  path: Assets/2D/UI/store/Lue liittyystoren väritykseen'.txt
  artifactKey: Guid(8e37680217b61d340a4014106fd50f3e) Importer(815301076,1909f56bfc062723c751e8b465ee728b)
Start importing Assets/2D/UI/store/Lue liittyystoren väritykseen'.txt using Guid(8e37680217b61d340a4014106fd50f3e) Importer(815301076,1909f56bfc062723c751e8b465ee728b)  -> (artifact id: '5b78764e30a5ac9072248f0370176055') in 0.010557 seconds 
  Import took 0.013345 seconds .

========================================================================
Received Prepare
Registering precompiled user dll's ...
Registered in 0.144759 seconds.
Begin MonoManager ReloadAssembly
Native extension for WindowsStandalone target not found
Refreshing native plugins compatible for Editor in 0.38 ms, found 2 plugins.
Preloading 0 native plugins for Editor in 0.00 ms.
Mono: successfully reloaded assembly
- Completed reload, in  1.333 seconds
Domain Reload Profiling:
	ReloadAssembly (1334ms)
		BeginReloadAssembly (135ms)
			ExecutionOrderSort (0ms)
			DisableScriptedObjects (5ms)
			BackupInstance (0ms)
			ReleaseScriptingObjects (0ms)
			CreateAndSetChildDomain (40ms)
		EndReloadAssembly (1123ms)
			LoadAssemblies (108ms)
			RebuildTransferFunctionScriptingTraits (0ms)
			SetupTypeCache (399ms)
			ReleaseScriptCaches (1ms)
			RebuildScriptCaches (49ms)
			SetupLoadedEditorAssemblies (468ms)
				LogAssemblyErrors (0ms)
				InitializePlatformSupportModulesInManaged (6ms)
				SetLoadedEditorAssemblies (1ms)
				RefreshPlugins (0ms)
				BeforeProcessingInitializeOnLoad (92ms)
				ProcessInitializeOnLoadAttributes (350ms)
				ProcessInitializeOnLoadMethodAttributes (11ms)
				AfterProcessingInitializeOnLoad (7ms)
				EditorAssembliesLoaded (0ms)
			ExecutionOrderSort2 (0ms)
			AwakeInstancesAfterBackupRestoration (8ms)
Platform modules already initialized, skipping
Refreshing native plugins compatible for Editor in 0.40 ms, found 2 plugins.
Preloading 0 native plugins for Editor in 0.00 ms.
Unloading 1615 Unused Serialized files (Serialized files now loaded: 0)
System memory in use before: 80.7 MB.
System memory in use after: 80.9 MB.

Unloading 14 unused Assets to reduce memory usage. Loaded Objects now: 2122.
Total: 2.924900 ms (FindLiveObjects: 0.279100 ms CreateObjectMapping: 0.071700 ms MarkObjects: 2.554000 ms  DeleteObjects: 0.018400 ms)

AssetImportParameters requested are different than current active one (requested -> active):
  custom:framework-win-MediaFoundation: 216162199b28c13a410421893ffa2e32 -> 
  custom:video-decoder-ogg-theora: a1e56fd34408186e4bbccfd4996cb3dc -> 
  custom:container-muxer-webm: aa71ff27fc2769a1b78a27578f13a17b -> 
  custom:container-demuxer-webm: 4f35f7cbe854078d1ac9338744f61a02 -> 
  custom:container-demuxer-ogg: 62fdf1f143b41e24485cea50d1cbac27 -> 
  custom:video-encoder-webm-vp8: eb34c28f22e8b96e1ab97ce403110664 -> 
  custom:video-decoder-webm-vp8: 9c59270c3fd7afecdb556c50c9e8de78 -> 
  custom:audio-decoder-ogg-vorbis: bf7c407c2cedff20999df2af8eb42d56 -> 
  custom:audio-encoder-webm-vorbis: bf7c407c2cedff20999df2af8eb42d56 -> 
========================================================================
Received Prepare
Registering precompiled user dll's ...
Registered in 0.004375 seconds.
Begin MonoManager ReloadAssembly
Native extension for WindowsStandalone target not found
Refreshing native plugins compatible for Editor in 0.35 ms, found 2 plugins.
Preloading 0 native plugins for Editor in 0.00 ms.
Mono: successfully reloaded assembly
- Completed reload, in  0.911 seconds
Domain Reload Profiling:
	ReloadAssembly (912ms)
		BeginReloadAssembly (102ms)
			ExecutionOrderSort (0ms)
			DisableScriptedObjects (4ms)
			BackupInstance (0ms)
			ReleaseScriptingObjects (0ms)
			CreateAndSetChildDomain (27ms)
		EndReloadAssembly (748ms)
			LoadAssemblies (87ms)
			RebuildTransferFunctionScriptingTraits (0ms)
			SetupTypeCache (262ms)
			ReleaseScriptCaches (1ms)
			RebuildScriptCaches (36ms)
			SetupLoadedEditorAssemblies (277ms)
				LogAssemblyErrors (0ms)
				InitializePlatformSupportModulesInManaged (4ms)
				SetLoadedEditorAssemblies (0ms)
				RefreshPlugins (0ms)
				BeforeProcessingInitializeOnLoad (73ms)
				ProcessInitializeOnLoadAttributes (184ms)
				ProcessInitializeOnLoadMethodAttributes (8ms)
				AfterProcessingInitializeOnLoad (6ms)
				EditorAssembliesLoaded (0ms)
			ExecutionOrderSort2 (0ms)
			AwakeInstancesAfterBackupRestoration (6ms)
Platform modules already initialized, skipping
Refreshing native plugins compatible for Editor in 0.36 ms, found 2 plugins.
Preloading 0 native plugins for Editor in 0.00 ms.
Unloading 1615 Unused Serialized files (Serialized files now loaded: 0)
System memory in use before: 80.8 MB.
System memory in use after: 80.9 MB.

Unloading 14 unused Assets to reduce memory usage. Loaded Objects now: 2124.
Total: 2.386400 ms (FindLiveObjects: 0.129300 ms CreateObjectMapping: 0.054100 ms MarkObjects: 2.188600 ms  DeleteObjects: 0.013000 ms)

AssetImportParameters requested are different than current active one (requested -> active):
  custom:framework-win-MediaFoundation: 216162199b28c13a410421893ffa2e32 -> 
  custom:video-decoder-ogg-theora: a1e56fd34408186e4bbccfd4996cb3dc -> 
  custom:container-muxer-webm: aa71ff27fc2769a1b78a27578f13a17b -> 
  custom:container-demuxer-webm: 4f35f7cbe854078d1ac9338744f61a02 -> 
  custom:container-demuxer-ogg: 62fdf1f143b41e24485cea50d1cbac27 -> 
  custom:video-encoder-webm-vp8: eb34c28f22e8b96e1ab97ce403110664 -> 
  custom:video-decoder-webm-vp8: 9c59270c3fd7afecdb556c50c9e8de78 -> 
  custom:audio-decoder-ogg-vorbis: bf7c407c2cedff20999df2af8eb42d56 -> 
  custom:audio-encoder-webm-vorbis: bf7c407c2cedff20999df2af8eb42d56 -> 
========================================================================
Received Prepare
Registering precompiled user dll's ...
Registered in 0.005191 seconds.
Begin MonoManager ReloadAssembly
Native extension for WindowsStandalone target not found
Refreshing native plugins compatible for Editor in 0.41 ms, found 2 plugins.
Preloading 0 native plugins for Editor in 0.00 ms.
Mono: successfully reloaded assembly
- Completed reload, in  1.067 seconds
Domain Reload Profiling:
	ReloadAssembly (1067ms)
		BeginReloadAssembly (107ms)
			ExecutionOrderSort (0ms)
			DisableScriptedObjects (4ms)
			BackupInstance (0ms)
			ReleaseScriptingObjects (0ms)
			CreateAndSetChildDomain (28ms)
		EndReloadAssembly (899ms)
			LoadAssemblies (107ms)
			RebuildTransferFunctionScriptingTraits (0ms)
			SetupTypeCache (309ms)
			ReleaseScriptCaches (1ms)
			RebuildScriptCaches (47ms)
			SetupLoadedEditorAssemblies (314ms)
				LogAssemblyErrors (0ms)
				InitializePlatformSupportModulesInManaged (6ms)
				SetLoadedEditorAssemblies (1ms)
				RefreshPlugins (0ms)
				BeforeProcessingInitializeOnLoad (87ms)
				ProcessInitializeOnLoadAttributes (205ms)
				ProcessInitializeOnLoadMethodAttributes (8ms)
				AfterProcessingInitializeOnLoad (6ms)
				EditorAssembliesLoaded (0ms)
			ExecutionOrderSort2 (0ms)
			AwakeInstancesAfterBackupRestoration (6ms)
Platform modules already initialized, skipping
Refreshing native plugins compatible for Editor in 0.36 ms, found 2 plugins.
Preloading 0 native plugins for Editor in 0.00 ms.
Unloading 1615 Unused Serialized files (Serialized files now loaded: 0)
System memory in use before: 80.8 MB.
System memory in use after: 80.9 MB.

Unloading 14 unused Assets to reduce memory usage. Loaded Objects now: 2126.
Total: 2.441400 ms (FindLiveObjects: 0.128000 ms CreateObjectMapping: 0.050400 ms MarkObjects: 2.247400 ms  DeleteObjects: 0.014400 ms)

AssetImportParameters requested are different than current active one (requested -> active):
  custom:framework-win-MediaFoundation: 216162199b28c13a410421893ffa2e32 -> 
  custom:video-decoder-ogg-theora: a1e56fd34408186e4bbccfd4996cb3dc -> 
  custom:container-muxer-webm: aa71ff27fc2769a1b78a27578f13a17b -> 
  custom:container-demuxer-webm: 4f35f7cbe854078d1ac9338744f61a02 -> 
  custom:container-demuxer-ogg: 62fdf1f143b41e24485cea50d1cbac27 -> 
  custom:video-encoder-webm-vp8: eb34c28f22e8b96e1ab97ce403110664 -> 
  custom:video-decoder-webm-vp8: 9c59270c3fd7afecdb556c50c9e8de78 -> 
  custom:audio-decoder-ogg-vorbis: bf7c407c2cedff20999df2af8eb42d56 -> 
  custom:audio-encoder-webm-vorbis: bf7c407c2cedff20999df2af8eb42d56 -> 
========================================================================
Received Prepare
Registering precompiled user dll's ...
Registered in 0.004179 seconds.
Begin MonoManager ReloadAssembly
Native extension for WindowsStandalone target not found
Refreshing native plugins compatible for Editor in 0.36 ms, found 2 plugins.
Preloading 0 native plugins for Editor in 0.00 ms.
Mono: successfully reloaded assembly
- Completed reload, in  0.997 seconds
Domain Reload Profiling:
	ReloadAssembly (997ms)
		BeginReloadAssembly (113ms)
			ExecutionOrderSort (0ms)
			DisableScriptedObjects (5ms)
			BackupInstance (0ms)
			ReleaseScriptingObjects (0ms)
			CreateAndSetChildDomain (30ms)
		EndReloadAssembly (823ms)
			LoadAssemblies (99ms)
			RebuildTransferFunctionScriptingTraits (0ms)
			SetupTypeCache (324ms)
			ReleaseScriptCaches (1ms)
			RebuildScriptCaches (36ms)
			SetupLoadedEditorAssemblies (282ms)
				LogAssemblyErrors (0ms)
				InitializePlatformSupportModulesInManaged (4ms)
				SetLoadedEditorAssemblies (0ms)
				RefreshPlugins (0ms)
				BeforeProcessingInitializeOnLoad (75ms)
				ProcessInitializeOnLoadAttributes (188ms)
				ProcessInitializeOnLoadMethodAttributes (8ms)
				AfterProcessingInitializeOnLoad (6ms)
				EditorAssembliesLoaded (0ms)
			ExecutionOrderSort2 (0ms)
			AwakeInstancesAfterBackupRestoration (6ms)
Platform modules already initialized, skipping
Refreshing native plugins compatible for Editor in 0.38 ms, found 2 plugins.
Preloading 0 native plugins for Editor in 0.00 ms.
Unloading 1615 Unused Serialized files (Serialized files now loaded: 0)
System memory in use before: 80.8 MB.
System memory in use after: 80.9 MB.

Unloading 14 unused Assets to reduce memory usage. Loaded Objects now: 2128.
Total: 2.332400 ms (FindLiveObjects: 0.122700 ms CreateObjectMapping: 0.048800 ms MarkObjects: 2.147200 ms  DeleteObjects: 0.012800 ms)

AssetImportParameters requested are different than current active one (requested -> active):
  custom:framework-win-MediaFoundation: 216162199b28c13a410421893ffa2e32 -> 
  custom:video-decoder-ogg-theora: a1e56fd34408186e4bbccfd4996cb3dc -> 
  custom:container-muxer-webm: aa71ff27fc2769a1b78a27578f13a17b -> 
  custom:container-demuxer-webm: 4f35f7cbe854078d1ac9338744f61a02 -> 
  custom:container-demuxer-ogg: 62fdf1f143b41e24485cea50d1cbac27 -> 
  custom:video-encoder-webm-vp8: eb34c28f22e8b96e1ab97ce403110664 -> 
  custom:video-decoder-webm-vp8: 9c59270c3fd7afecdb556c50c9e8de78 -> 
  custom:audio-decoder-ogg-vorbis: bf7c407c2cedff20999df2af8eb42d56 -> 
  custom:audio-encoder-webm-vorbis: bf7c407c2cedff20999df2af8eb42d56 -> 
========================================================================
Received Prepare
Registering precompiled user dll's ...
Registered in 0.005217 seconds.
Begin MonoManager ReloadAssembly
Native extension for WindowsStandalone target not found
Refreshing native plugins compatible for Editor in 0.36 ms, found 2 plugins.
Preloading 0 native plugins for Editor in 0.00 ms.
Mono: successfully reloaded assembly
- Completed reload, in  1.082 seconds
Domain Reload Profiling:
	ReloadAssembly (1082ms)
		BeginReloadAssembly (125ms)
			ExecutionOrderSort (0ms)
			DisableScriptedObjects (8ms)
			BackupInstance (0ms)
			ReleaseScriptingObjects (0ms)
			CreateAndSetChildDomain (31ms)
		EndReloadAssembly (880ms)
			LoadAssemblies (106ms)
			RebuildTransferFunctionScriptingTraits (0ms)
			SetupTypeCache (362ms)
			ReleaseScriptCaches (4ms)
			RebuildScriptCaches (53ms)
			SetupLoadedEditorAssemblies (273ms)
				LogAssemblyErrors (0ms)
				InitializePlatformSupportModulesInManaged (4ms)
				SetLoadedEditorAssemblies (0ms)
				RefreshPlugins (0ms)
				BeforeProcessingInitializeOnLoad (74ms)
				ProcessInitializeOnLoadAttributes (180ms)
				ProcessInitializeOnLoadMethodAttributes (8ms)
				AfterProcessingInitializeOnLoad (6ms)
				EditorAssembliesLoaded (0ms)
			ExecutionOrderSort2 (0ms)
			AwakeInstancesAfterBackupRestoration (6ms)
Platform modules already initialized, skipping
Refreshing native plugins compatible for Editor in 0.49 ms, found 2 plugins.
Preloading 0 native plugins for Editor in 0.00 ms.
Unloading 1615 Unused Serialized files (Serialized files now loaded: 0)
System memory in use before: 80.8 MB.
System memory in use after: 80.9 MB.

Unloading 14 unused Assets to reduce memory usage. Loaded Objects now: 2130.
Total: 2.346300 ms (FindLiveObjects: 0.135800 ms CreateObjectMapping: 0.049400 ms MarkObjects: 2.146900 ms  DeleteObjects: 0.013100 ms)

AssetImportParameters requested are different than current active one (requested -> active):
  custom:framework-win-MediaFoundation: 216162199b28c13a410421893ffa2e32 -> 
  custom:video-decoder-ogg-theora: a1e56fd34408186e4bbccfd4996cb3dc -> 
  custom:container-muxer-webm: aa71ff27fc2769a1b78a27578f13a17b -> 
  custom:container-demuxer-webm: 4f35f7cbe854078d1ac9338744f61a02 -> 
  custom:container-demuxer-ogg: 62fdf1f143b41e24485cea50d1cbac27 -> 
  custom:video-encoder-webm-vp8: eb34c28f22e8b96e1ab97ce403110664 -> 
  custom:video-decoder-webm-vp8: 9c59270c3fd7afecdb556c50c9e8de78 -> 
  custom:audio-decoder-ogg-vorbis: bf7c407c2cedff20999df2af8eb42d56 -> 
  custom:audio-encoder-webm-vorbis: bf7c407c2cedff20999df2af8eb42d56 -> 
========================================================================
Received Prepare
Registering precompiled user dll's ...
Registered in 0.004347 seconds.
Begin MonoManager ReloadAssembly
Native extension for WindowsStandalone target not found
Refreshing native plugins compatible for Editor in 0.36 ms, found 2 plugins.
Preloading 0 native plugins for Editor in 0.00 ms.
Mono: successfully reloaded assembly
- Completed reload, in  0.951 seconds
Domain Reload Profiling:
	ReloadAssembly (952ms)
		BeginReloadAssembly (112ms)
			ExecutionOrderSort (0ms)
			DisableScriptedObjects (5ms)
			BackupInstance (0ms)
			ReleaseScriptingObjects (0ms)
			CreateAndSetChildDomain (28ms)
		EndReloadAssembly (775ms)
			LoadAssemblies (94ms)
			RebuildTransferFunctionScriptingTraits (0ms)
			SetupTypeCache (270ms)
			ReleaseScriptCaches (1ms)
			RebuildScriptCaches (36ms)
			SetupLoadedEditorAssemblies (296ms)
				LogAssemblyErrors (0ms)
				InitializePlatformSupportModulesInManaged (4ms)
				SetLoadedEditorAssemblies (1ms)
				RefreshPlugins (0ms)
				BeforeProcessingInitializeOnLoad (75ms)
				ProcessInitializeOnLoadAttributes (201ms)
				ProcessInitializeOnLoadMethodAttributes (8ms)
				AfterProcessingInitializeOnLoad (7ms)
				EditorAssembliesLoaded (0ms)
			ExecutionOrderSort2 (0ms)
			AwakeInstancesAfterBackupRestoration (6ms)
Platform modules already initialized, skipping
Refreshing native plugins compatible for Editor in 0.36 ms, found 2 plugins.
Preloading 0 native plugins for Editor in 0.00 ms.
Unloading 1615 Unused Serialized files (Serialized files now loaded: 0)
System memory in use before: 80.8 MB.
System memory in use after: 80.9 MB.

Unloading 14 unused Assets to reduce memory usage. Loaded Objects now: 2132.
Total: 2.541400 ms (FindLiveObjects: 0.127200 ms CreateObjectMapping: 0.046300 ms MarkObjects: 2.353300 ms  DeleteObjects: 0.013400 ms)

AssetImportParameters requested are different than current active one (requested -> active):
  custom:framework-win-MediaFoundation: 216162199b28c13a410421893ffa2e32 -> 
  custom:video-decoder-ogg-theora: a1e56fd34408186e4bbccfd4996cb3dc -> 
  custom:container-muxer-webm: aa71ff27fc2769a1b78a27578f13a17b -> 
  custom:container-demuxer-webm: 4f35f7cbe854078d1ac9338744f61a02 -> 
  custom:container-demuxer-ogg: 62fdf1f143b41e24485cea50d1cbac27 -> 
  custom:video-encoder-webm-vp8: eb34c28f22e8b96e1ab97ce403110664 -> 
  custom:video-decoder-webm-vp8: 9c59270c3fd7afecdb556c50c9e8de78 -> 
  custom:audio-decoder-ogg-vorbis: bf7c407c2cedff20999df2af8eb42d56 -> 
  custom:audio-encoder-webm-vorbis: bf7c407c2cedff20999df2af8eb42d56 -> 
========================================================================
Received Prepare
Registering precompiled user dll's ...
Registered in 0.004446 seconds.
Begin MonoManager ReloadAssembly
Native extension for WindowsStandalone target not found
Refreshing native plugins compatible for Editor in 0.51 ms, found 2 plugins.
Preloading 0 native plugins for Editor in 0.00 ms.
Mono: successfully reloaded assembly
- Completed reload, in  0.951 seconds
Domain Reload Profiling:
	ReloadAssembly (952ms)
		BeginReloadAssembly (113ms)
			ExecutionOrderSort (0ms)
			DisableScriptedObjects (4ms)
			BackupInstance (0ms)
			ReleaseScriptingObjects (0ms)
			CreateAndSetChildDomain (27ms)
		EndReloadAssembly (778ms)
			LoadAssemblies (94ms)
			RebuildTransferFunctionScriptingTraits (0ms)
			SetupTypeCache (267ms)
			ReleaseScriptCaches (1ms)
			RebuildScriptCaches (35ms)
			SetupLoadedEditorAssemblies (305ms)
				LogAssemblyErrors (0ms)
				InitializePlatformSupportModulesInManaged (4ms)
				SetLoadedEditorAssemblies (1ms)
				RefreshPlugins (1ms)
				BeforeProcessingInitializeOnLoad (78ms)
				ProcessInitializeOnLoadAttributes (207ms)
				ProcessInitializeOnLoadMethodAttributes (8ms)
				AfterProcessingInitializeOnLoad (6ms)
				EditorAssembliesLoaded (0ms)
			ExecutionOrderSort2 (0ms)
			AwakeInstancesAfterBackupRestoration (6ms)
Platform modules already initialized, skipping
Refreshing native plugins compatible for Editor in 0.36 ms, found 2 plugins.
Preloading 0 native plugins for Editor in 0.00 ms.
Unloading 1615 Unused Serialized files (Serialized files now loaded: 0)
System memory in use before: 80.8 MB.
System memory in use after: 80.9 MB.

Unloading 14 unused Assets to reduce memory usage. Loaded Objects now: 2134.
Total: 2.483600 ms (FindLiveObjects: 0.129800 ms CreateObjectMapping: 0.056200 ms MarkObjects: 2.279100 ms  DeleteObjects: 0.017800 ms)

AssetImportParameters requested are different than current active one (requested -> active):
  custom:framework-win-MediaFoundation: 216162199b28c13a410421893ffa2e32 -> 
  custom:video-decoder-ogg-theora: a1e56fd34408186e4bbccfd4996cb3dc -> 
  custom:container-muxer-webm: aa71ff27fc2769a1b78a27578f13a17b -> 
  custom:container-demuxer-webm: 4f35f7cbe854078d1ac9338744f61a02 -> 
  custom:container-demuxer-ogg: 62fdf1f143b41e24485cea50d1cbac27 -> 
  custom:video-encoder-webm-vp8: eb34c28f22e8b96e1ab97ce403110664 -> 
  custom:video-decoder-webm-vp8: 9c59270c3fd7afecdb556c50c9e8de78 -> 
  custom:audio-decoder-ogg-vorbis: bf7c407c2cedff20999df2af8eb42d56 -> 
  custom:audio-encoder-webm-vorbis: bf7c407c2cedff20999df2af8eb42d56 -> 
========================================================================
Received Prepare
Registering precompiled user dll's ...
Registered in 0.004679 seconds.
Begin MonoManager ReloadAssembly
Native extension for WindowsStandalone target not found
Refreshing native plugins compatible for Editor in 0.36 ms, found 2 plugins.
Preloading 0 native plugins for Editor in 0.00 ms.
Mono: successfully reloaded assembly
- Completed reload, in  1.033 seconds
Domain Reload Profiling:
	ReloadAssembly (1034ms)
		BeginReloadAssembly (133ms)
			ExecutionOrderSort (0ms)
			DisableScriptedObjects (6ms)
			BackupInstance (0ms)
			ReleaseScriptingObjects (0ms)
			CreateAndSetChildDomain (45ms)
		EndReloadAssembly (832ms)
			LoadAssemblies (98ms)
			RebuildTransferFunctionScriptingTraits (0ms)
			SetupTypeCache (299ms)
			ReleaseScriptCaches (1ms)
			RebuildScriptCaches (40ms)
			SetupLoadedEditorAssemblies (300ms)
				LogAssemblyErrors (0ms)
				InitializePlatformSupportModulesInManaged (5ms)
				SetLoadedEditorAssemblies (1ms)
				RefreshPlugins (0ms)
				BeforeProcessingInitializeOnLoad (80ms)
				ProcessInitializeOnLoadAttributes (197ms)
				ProcessInitializeOnLoadMethodAttributes (9ms)
				AfterProcessingInitializeOnLoad (7ms)
				EditorAssembliesLoaded (0ms)
			ExecutionOrderSort2 (0ms)
			AwakeInstancesAfterBackupRestoration (7ms)
Platform modules already initialized, skipping
Refreshing native plugins compatible for Editor in 0.45 ms, found 2 plugins.
Preloading 0 native plugins for Editor in 0.00 ms.
Unloading 1615 Unused Serialized files (Serialized files now loaded: 0)
System memory in use before: 80.8 MB.
System memory in use after: 80.9 MB.

Unloading 14 unused Assets to reduce memory usage. Loaded Objects now: 2136.
Total: 3.308600 ms (FindLiveObjects: 0.145500 ms CreateObjectMapping: 0.082900 ms MarkObjects: 3.058100 ms  DeleteObjects: 0.020400 ms)

AssetImportParameters requested are different than current active one (requested -> active):
  custom:framework-win-MediaFoundation: 216162199b28c13a410421893ffa2e32 -> 
  custom:video-decoder-ogg-theora: a1e56fd34408186e4bbccfd4996cb3dc -> 
  custom:container-muxer-webm: aa71ff27fc2769a1b78a27578f13a17b -> 
  custom:container-demuxer-webm: 4f35f7cbe854078d1ac9338744f61a02 -> 
  custom:container-demuxer-ogg: 62fdf1f143b41e24485cea50d1cbac27 -> 
  custom:video-encoder-webm-vp8: eb34c28f22e8b96e1ab97ce403110664 -> 
  custom:video-decoder-webm-vp8: 9c59270c3fd7afecdb556c50c9e8de78 -> 
  custom:audio-decoder-ogg-vorbis: bf7c407c2cedff20999df2af8eb42d56 -> 
  custom:audio-encoder-webm-vorbis: bf7c407c2cedff20999df2af8eb42d56 -> 
========================================================================
Received Prepare
Registering precompiled user dll's ...
Registered in 0.005316 seconds.
Begin MonoManager ReloadAssembly
Native extension for WindowsStandalone target not found
Refreshing native plugins compatible for Editor in 0.42 ms, found 2 plugins.
Preloading 0 native plugins for Editor in 0.00 ms.
Mono: successfully reloaded assembly
- Completed reload, in  1.048 seconds
Domain Reload Profiling:
	ReloadAssembly (1048ms)
		BeginReloadAssembly (118ms)
			ExecutionOrderSort (0ms)
			DisableScriptedObjects (5ms)
			BackupInstance (0ms)
			ReleaseScriptingObjects (0ms)
			CreateAndSetChildDomain (30ms)
		EndReloadAssembly (832ms)
			LoadAssemblies (99ms)
			RebuildTransferFunctionScriptingTraits (0ms)
			SetupTypeCache (296ms)
			ReleaseScriptCaches (1ms)
			RebuildScriptCaches (40ms)
			SetupLoadedEditorAssemblies (306ms)
				LogAssemblyErrors (0ms)
				InitializePlatformSupportModulesInManaged (5ms)
				SetLoadedEditorAssemblies (1ms)
				RefreshPlugins (0ms)
				BeforeProcessingInitializeOnLoad (80ms)
				ProcessInitializeOnLoadAttributes (204ms)
				ProcessInitializeOnLoadMethodAttributes (9ms)
				AfterProcessingInitializeOnLoad (7ms)
				EditorAssembliesLoaded (0ms)
			ExecutionOrderSort2 (0ms)
			AwakeInstancesAfterBackupRestoration (7ms)
Platform modules already initialized, skipping
Refreshing native plugins compatible for Editor in 0.37 ms, found 2 plugins.
Preloading 0 native plugins for Editor in 0.00 ms.
Unloading 1615 Unused Serialized files (Serialized files now loaded: 0)
System memory in use before: 80.8 MB.
System memory in use after: 81.0 MB.

Unloading 14 unused Assets to reduce memory usage. Loaded Objects now: 2138.
Total: 2.738400 ms (FindLiveObjects: 0.167500 ms CreateObjectMapping: 0.087300 ms MarkObjects: 2.463800 ms  DeleteObjects: 0.018200 ms)

AssetImportParameters requested are different than current active one (requested -> active):
  custom:framework-win-MediaFoundation: 216162199b28c13a410421893ffa2e32 -> 
  custom:video-decoder-ogg-theora: a1e56fd34408186e4bbccfd4996cb3dc -> 
  custom:container-muxer-webm: aa71ff27fc2769a1b78a27578f13a17b -> 
  custom:container-demuxer-webm: 4f35f7cbe854078d1ac9338744f61a02 -> 
  custom:container-demuxer-ogg: 62fdf1f143b41e24485cea50d1cbac27 -> 
  custom:video-encoder-webm-vp8: eb34c28f22e8b96e1ab97ce403110664 -> 
  custom:video-decoder-webm-vp8: 9c59270c3fd7afecdb556c50c9e8de78 -> 
  custom:audio-decoder-ogg-vorbis: bf7c407c2cedff20999df2af8eb42d56 -> 
  custom:audio-encoder-webm-vorbis: bf7c407c2cedff20999df2af8eb42d56 -> 
========================================================================
Received Prepare
Registering precompiled user dll's ...
Registered in 0.004406 seconds.
Begin MonoManager ReloadAssembly
Native extension for WindowsStandalone target not found
Refreshing native plugins compatible for Editor in 0.43 ms, found 2 plugins.
Preloading 0 native plugins for Editor in 0.00 ms.
Mono: successfully reloaded assembly
- Completed reload, in  1.007 seconds
Domain Reload Profiling:
	ReloadAssembly (1007ms)
		BeginReloadAssembly (136ms)
			ExecutionOrderSort (0ms)
			DisableScriptedObjects (4ms)
			BackupInstance (0ms)
			ReleaseScriptingObjects (0ms)
			CreateAndSetChildDomain (28ms)
		EndReloadAssembly (805ms)
			LoadAssemblies (123ms)
			RebuildTransferFunctionScriptingTraits (0ms)
			SetupTypeCache (273ms)
			ReleaseScriptCaches (1ms)
			RebuildScriptCaches (37ms)
			SetupLoadedEditorAssemblies (307ms)
				LogAssemblyErrors (0ms)
				InitializePlatformSupportModulesInManaged (5ms)
				SetLoadedEditorAssemblies (0ms)
				RefreshPlugins (1ms)
				BeforeProcessingInitializeOnLoad (78ms)
				ProcessInitializeOnLoadAttributes (195ms)
				ProcessInitializeOnLoadMethodAttributes (17ms)
				AfterProcessingInitializeOnLoad (11ms)
				EditorAssembliesLoaded (0ms)
			ExecutionOrderSort2 (0ms)
			AwakeInstancesAfterBackupRestoration (11ms)
Platform modules already initialized, skipping
Refreshing native plugins compatible for Editor in 0.38 ms, found 2 plugins.
Preloading 0 native plugins for Editor in 0.00 ms.
Unloading 1615 Unused Serialized files (Serialized files now loaded: 0)
System memory in use before: 80.8 MB.
System memory in use after: 81.0 MB.

Unloading 14 unused Assets to reduce memory usage. Loaded Objects now: 2140.
Total: 2.376300 ms (FindLiveObjects: 0.128200 ms CreateObjectMapping: 0.048300 ms MarkObjects: 2.184200 ms  DeleteObjects: 0.014400 ms)

AssetImportParameters requested are different than current active one (requested -> active):
  custom:framework-win-MediaFoundation: 216162199b28c13a410421893ffa2e32 -> 
  custom:video-decoder-ogg-theora: a1e56fd34408186e4bbccfd4996cb3dc -> 
  custom:container-muxer-webm: aa71ff27fc2769a1b78a27578f13a17b -> 
  custom:container-demuxer-webm: 4f35f7cbe854078d1ac9338744f61a02 -> 
  custom:container-demuxer-ogg: 62fdf1f143b41e24485cea50d1cbac27 -> 
  custom:video-encoder-webm-vp8: eb34c28f22e8b96e1ab97ce403110664 -> 
  custom:video-decoder-webm-vp8: 9c59270c3fd7afecdb556c50c9e8de78 -> 
  custom:audio-decoder-ogg-vorbis: bf7c407c2cedff20999df2af8eb42d56 -> 
  custom:audio-encoder-webm-vorbis: bf7c407c2cedff20999df2af8eb42d56 -> 
========================================================================
Received Prepare
Registering precompiled user dll's ...
Registered in 0.005054 seconds.
Begin MonoManager ReloadAssembly
Native extension for WindowsStandalone target not found
Refreshing native plugins compatible for Editor in 0.40 ms, found 2 plugins.
Preloading 0 native plugins for Editor in 0.00 ms.
Mono: successfully reloaded assembly
- Completed reload, in  1.042 seconds
Domain Reload Profiling:
	ReloadAssembly (1042ms)
		BeginReloadAssembly (114ms)
			ExecutionOrderSort (0ms)
			DisableScriptedObjects (4ms)
			BackupInstance (0ms)
			ReleaseScriptingObjects (0ms)
			CreateAndSetChildDomain (29ms)
		EndReloadAssembly (862ms)
			LoadAssemblies (96ms)
			RebuildTransferFunctionScriptingTraits (0ms)
			SetupTypeCache (297ms)
			ReleaseScriptCaches (1ms)
			RebuildScriptCaches (44ms)
			SetupLoadedEditorAssemblies (323ms)
				LogAssemblyErrors (0ms)
				InitializePlatformSupportModulesInManaged (5ms)
				SetLoadedEditorAssemblies (1ms)
				RefreshPlugins (1ms)
				BeforeProcessingInitializeOnLoad (103ms)
				ProcessInitializeOnLoadAttributes (198ms)
				ProcessInitializeOnLoadMethodAttributes (9ms)
				AfterProcessingInitializeOnLoad (7ms)
				EditorAssembliesLoaded (0ms)
			ExecutionOrderSort2 (0ms)
			AwakeInstancesAfterBackupRestoration (7ms)
Platform modules already initialized, skipping
Refreshing native plugins compatible for Editor in 0.43 ms, found 2 plugins.
Preloading 0 native plugins for Editor in 0.00 ms.
Unloading 1615 Unused Serialized files (Serialized files now loaded: 0)
System memory in use before: 80.8 MB.
System memory in use after: 81.0 MB.

Unloading 14 unused Assets to reduce memory usage. Loaded Objects now: 2142.
Total: 3.194100 ms (FindLiveObjects: 0.198900 ms CreateObjectMapping: 0.157800 ms MarkObjects: 2.796200 ms  DeleteObjects: 0.039700 ms)

AssetImportParameters requested are different than current active one (requested -> active):
  custom:framework-win-MediaFoundation: 216162199b28c13a410421893ffa2e32 -> 
  custom:video-decoder-ogg-theora: a1e56fd34408186e4bbccfd4996cb3dc -> 
  custom:container-muxer-webm: aa71ff27fc2769a1b78a27578f13a17b -> 
  custom:container-demuxer-webm: 4f35f7cbe854078d1ac9338744f61a02 -> 
  custom:container-demuxer-ogg: 62fdf1f143b41e24485cea50d1cbac27 -> 
  custom:video-encoder-webm-vp8: eb34c28f22e8b96e1ab97ce403110664 -> 
  custom:video-decoder-webm-vp8: 9c59270c3fd7afecdb556c50c9e8de78 -> 
  custom:audio-decoder-ogg-vorbis: bf7c407c2cedff20999df2af8eb42d56 -> 
  custom:audio-encoder-webm-vorbis: bf7c407c2cedff20999df2af8eb42d56 -> 
========================================================================
Received Import Request.
  Time since last request: 3338.940742 seconds.
  path: Assets/TextMesh Pro/Sprites/EmojiOne.png
  artifactKey: Guid(dffef66376be4fa480fb02b19edbe903) Importer(815301076,1909f56bfc062723c751e8b465ee728b)
Start importing Assets/TextMesh Pro/Sprites/EmojiOne.png using Guid(dffef66376be4fa480fb02b19edbe903) Importer(815301076,1909f56bfc062723c751e8b465ee728b)  -> (artifact id: 'd5fcc890512473779126bf96cf23141c') in 0.186143 seconds 
  Import took 0.189057 seconds .

========================================================================
Received Import Request.
  Time since last request: 2.663037 seconds.
  path: Assets/TextMesh Pro/Resources/Fonts & Materials/LiberationSans SDF - Fallback.asset
  artifactKey: Guid(2e498d1c8094910479dc3e1b768306a4) Importer(815301076,1909f56bfc062723c751e8b465ee728b)
Start importing Assets/TextMesh Pro/Resources/Fonts & Materials/LiberationSans SDF - Fallback.asset using Guid(2e498d1c8094910479dc3e1b768306a4) Importer(815301076,1909f56bfc062723c751e8b465ee728b)  -> (artifact id: '73c4f4f2da4d2ab57d901e0f40ae3f2f') in 0.078328 seconds 
  Import took 0.081402 seconds .

========================================================================
Received Import Request.
  Time since last request: 0.223282 seconds.
  path: Assets/TextMesh Pro/Resources/Fonts & Materials/LiberationSans SDF.asset
  artifactKey: Guid(8f586378b4e144a9851e7b34d9b748ee) Importer(815301076,1909f56bfc062723c751e8b465ee728b)
Start importing Assets/TextMesh Pro/Resources/Fonts & Materials/LiberationSans SDF.asset using Guid(8f586378b4e144a9851e7b34d9b748ee) Importer(815301076,1909f56bfc062723c751e8b465ee728b)  -> (artifact id: 'f8b7c8c3e3c9a45adbdca63c88707d17') in 0.041496 seconds 
  Import took 0.044490 seconds .

========================================================================
Received Import Request.
  Time since last request: 7.085263 seconds.
  path: Assets/Joni/Materials/polygon 1.png
  artifactKey: Guid(4524dd0f51dd4d84b9ea8094baf2c213) Importer(815301076,1909f56bfc062723c751e8b465ee728b)
Start importing Assets/Joni/Materials/polygon 1.png using Guid(4524dd0f51dd4d84b9ea8094baf2c213) Importer(815301076,1909f56bfc062723c751e8b465ee728b)  -> (artifact id: '5be06926ea572f7361258a98e2b04fc7') in 0.024319 seconds 
  Import took 0.027081 seconds .

========================================================================
Received Prepare
Registering precompiled user dll's ...
Registered in 0.004128 seconds.
Begin MonoManager ReloadAssembly
Native extension for WindowsStandalone target not found
Refreshing native plugins compatible for Editor in 0.36 ms, found 2 plugins.
Preloading 0 native plugins for Editor in 0.00 ms.
Mono: successfully reloaded assembly
- Completed reload, in  0.907 seconds
Domain Reload Profiling:
	ReloadAssembly (907ms)
		BeginReloadAssembly (105ms)
			ExecutionOrderSort (0ms)
			DisableScriptedObjects (4ms)
			BackupInstance (0ms)
			ReleaseScriptingObjects (0ms)
			CreateAndSetChildDomain (29ms)
		EndReloadAssembly (743ms)
			LoadAssemblies (90ms)
			RebuildTransferFunctionScriptingTraits (0ms)
			SetupTypeCache (262ms)
			ReleaseScriptCaches (1ms)
			RebuildScriptCaches (34ms)
			SetupLoadedEditorAssemblies (273ms)
				LogAssemblyErrors (0ms)
				InitializePlatformSupportModulesInManaged (4ms)
				SetLoadedEditorAssemblies (0ms)
				RefreshPlugins (0ms)
				BeforeProcessingInitializeOnLoad (71ms)
				ProcessInitializeOnLoadAttributes (182ms)
				ProcessInitializeOnLoadMethodAttributes (9ms)
				AfterProcessingInitializeOnLoad (7ms)
				EditorAssembliesLoaded (0ms)
			ExecutionOrderSort2 (0ms)
			AwakeInstancesAfterBackupRestoration (7ms)
Platform modules already initialized, skipping
Refreshing native plugins compatible for Editor in 0.37 ms, found 2 plugins.
Preloading 0 native plugins for Editor in 0.00 ms.
Unloading 1615 Unused Serialized files (Serialized files now loaded: 0)
System memory in use before: 81.2 MB.
System memory in use after: 81.3 MB.

Unloading 14 unused Assets to reduce memory usage. Loaded Objects now: 2184.
Total: 2.664900 ms (FindLiveObjects: 0.153700 ms CreateObjectMapping: 0.075500 ms MarkObjects: 2.420000 ms  DeleteObjects: 0.014900 ms)

AssetImportParameters requested are different than current active one (requested -> active):
  custom:framework-win-MediaFoundation: 216162199b28c13a410421893ffa2e32 -> 
  custom:video-decoder-ogg-theora: a1e56fd34408186e4bbccfd4996cb3dc -> 
  custom:container-muxer-webm: aa71ff27fc2769a1b78a27578f13a17b -> 
  custom:container-demuxer-webm: 4f35f7cbe854078d1ac9338744f61a02 -> 
  custom:container-demuxer-ogg: 62fdf1f143b41e24485cea50d1cbac27 -> 
  custom:video-encoder-webm-vp8: eb34c28f22e8b96e1ab97ce403110664 -> 
  custom:video-decoder-webm-vp8: 9c59270c3fd7afecdb556c50c9e8de78 -> 
  custom:audio-decoder-ogg-vorbis: bf7c407c2cedff20999df2af8eb42d56 -> 
  custom:audio-encoder-webm-vorbis: bf7c407c2cedff20999df2af8eb42d56 -> 
========================================================================
Received Prepare
Registering precompiled user dll's ...
Registered in 0.004303 seconds.
Begin MonoManager ReloadAssembly
Native extension for WindowsStandalone target not found
Refreshing native plugins compatible for Editor in 0.36 ms, found 2 plugins.
Preloading 0 native plugins for Editor in 0.00 ms.
Mono: successfully reloaded assembly
- Completed reload, in  0.945 seconds
Domain Reload Profiling:
	ReloadAssembly (945ms)
		BeginReloadAssembly (109ms)
			ExecutionOrderSort (0ms)
			DisableScriptedObjects (4ms)
			BackupInstance (0ms)
			ReleaseScriptingObjects (0ms)
			CreateAndSetChildDomain (29ms)
		EndReloadAssembly (774ms)
			LoadAssemblies (95ms)
			RebuildTransferFunctionScriptingTraits (0ms)
			SetupTypeCache (267ms)
			ReleaseScriptCaches (1ms)
			RebuildScriptCaches (36ms)
			SetupLoadedEditorAssemblies (291ms)
				LogAssemblyErrors (0ms)
				InitializePlatformSupportModulesInManaged (4ms)
				SetLoadedEditorAssemblies (0ms)
				RefreshPlugins (0ms)
				BeforeProcessingInitializeOnLoad (71ms)
				ProcessInitializeOnLoadAttributes (199ms)
				ProcessInitializeOnLoadMethodAttributes (9ms)
				AfterProcessingInitializeOnLoad (7ms)
				EditorAssembliesLoaded (0ms)
			ExecutionOrderSort2 (0ms)
			AwakeInstancesAfterBackupRestoration (7ms)
Platform modules already initialized, skipping
Refreshing native plugins compatible for Editor in 0.51 ms, found 2 plugins.
Preloading 0 native plugins for Editor in 0.00 ms.
Unloading 1615 Unused Serialized files (Serialized files now loaded: 0)
System memory in use before: 81.2 MB.
System memory in use after: 81.3 MB.

Unloading 14 unused Assets to reduce memory usage. Loaded Objects now: 2186.
Total: 3.020100 ms (FindLiveObjects: 0.139400 ms CreateObjectMapping: 0.053400 ms MarkObjects: 2.807800 ms  DeleteObjects: 0.017800 ms)

AssetImportParameters requested are different than current active one (requested -> active):
  custom:framework-win-MediaFoundation: 216162199b28c13a410421893ffa2e32 -> 
  custom:video-decoder-ogg-theora: a1e56fd34408186e4bbccfd4996cb3dc -> 
  custom:container-muxer-webm: aa71ff27fc2769a1b78a27578f13a17b -> 
  custom:container-demuxer-webm: 4f35f7cbe854078d1ac9338744f61a02 -> 
  custom:container-demuxer-ogg: 62fdf1f143b41e24485cea50d1cbac27 -> 
  custom:video-encoder-webm-vp8: eb34c28f22e8b96e1ab97ce403110664 -> 
  custom:video-decoder-webm-vp8: 9c59270c3fd7afecdb556c50c9e8de78 -> 
  custom:audio-decoder-ogg-vorbis: bf7c407c2cedff20999df2af8eb42d56 -> 
  custom:audio-encoder-webm-vorbis: bf7c407c2cedff20999df2af8eb42d56 -> 
AssetImportWorkerClient::OnTransportError - code=2 error=End of file
